Arguments: 
  C:\Program Files\nodejs\node.exe C:\Users\jiangchong\AppData\Roaming\npm\node_modules\yarn\bin\yarn.js add sequelize

PATH: 
  D:\shell\;C:\Python27\;C:\Python27\Scripts;C:\WINDOWS\system32;C:\WINDOWS;C:\WINDOWS\System32\Wbem;C:\WINDOWS\System32\WindowsPowerShell\v1.0\;C:\WINDOWS\System32\OpenSSH\;C:\Program Files\VisualSVN Server\bin;C:\Program Files\TortoiseSVN\bin;C:\Program Files\Git\cmd;C:\ProgramData\chocolatey\bin;C:\Program Files\nodejs\;C:\Users\jiangchong\AppData\Local\Microsoft\WindowsApps;D:\Microsoft VS Code\bin;C:\Users\jiangchong\AppData\Roaming\npm;

Yarn version: 
  1.16.0

Node version: 
  12.9.1

Platform: 
  win32 x64

Trace: 
  Error: ENOENT: no such file or directory, copyfile 'C:\Users\jiangchong\AppData\Local\Yarn\Cache\v4\npm-kind-of-5.1.0-729c91e2d857b7a419a1f9aa65685c4c33f5845d\node_modules\kind-of\LICENSE' -> 'C:\Users\jiangchong\Desktop\scan\node_modules\define-property\node_modules\kind-of\LICENSE'

npm manifest: 
  {
    "name": "scan",
    "version": "0.1.0",
    "private": true,
    "scripts": {
      "start": "node bin/www",
      "dev": "./node_modules/.bin/nodemon bin/www",
      "prd": "pm2 start bin/www",
      "test": "echo \"Error: no test specified\" && exit 1"
    },
    "dependencies": {
      "debug": "^4.1.1",
      "koa": "^2.7.0",
      "koa-bodyparser": "^4.2.1",
      "koa-convert": "^1.2.0",
      "koa-json": "^2.0.2",
      "koa-logger": "^3.2.0",
      "koa-onerror": "^4.1.0",
      "koa-router": "^7.4.0",
      "koa-static": "^5.0.0",
      "koa-views": "^6.2.0",
      "pug": "^2.0.3"
    },
    "devDependencies": {
      "nodemon": "^1.19.1"
    }
  }

yarn manifest: 
  No manifest

Lockfile: 
  No lockfile
